<?xml version="1.0" encoding="UTF-8"?>
<testsuite xmlns:xsi="http://www.w3.org/2001/XMLSchema-instance" xsi:noNamespaceSchemaLocation="https://maven.apache.org/surefire/maven-surefire-plugin/xsd/surefire-test-report-3.0.xsd" version="3.0" name="org.mps.EvolutionaryAlgorithmTest" time="3.374" tests="7" errors="0" skipped="0" failures="0">
  <properties>
[...]
</properties>
  <testcase name="testInvalidCrossover_throwsException" classname="org.mps.EvolutionaryAlgorithmTest" time="3.226">
    <system-err><![CDATA[WARNING: A Java agent has been loaded dynamically (C:\Users\Mario\.m2\repository\net\bytebuddy\byte-buddy-agent\1.14.9\byte-buddy-agent-1.14.9.jar)
WARNING: If a serviceability tool is in use, please run with -XX:+EnableDynamicAgentLoading to hide this warning
WARNING: If a serviceability tool is not in use, please run with -Djdk.instrument.traceUsage for more information
WARNING: Dynamic loading of agents will be disallowed by default in a future release
]]></system-err>
  </testcase>
  <testcase name="testOddSizePopulation_throwsException" classname="org.mps.EvolutionaryAlgorithmTest" time="0.007"/>
  <testcase name="testValidFlow_executesWithoutError" classname="org.mps.EvolutionaryAlgorithmTest" time="0.009"/>
  <testcase name="testNullParentFromSelect_throwsException" classname="org.mps.EvolutionaryAlgorithmTest" time="0.007"/>
  <testcase name="testNullPopulation_throwsException" classname="org.mps.EvolutionaryAlgorithmTest" time="0.005"/>
  <testcase name="testNullMutation_throwsException" classname="org.mps.EvolutionaryAlgorithmTest" time="0.008"/>
  <testcase name="testEmptyPopulation_throwsException" classname="org.mps.EvolutionaryAlgorithmTest" time="0.006"/>
</testsuite>